DEMO5/seal/build/outputs/logs/manifest-merger-debug-report.txt
-- Merging decision tree log ---
manifest
ADDED from src\main\AndroidManifest.xml:2:1-512:12
	package
		ADDED from src\main\AndroidManifest.xml:3:5-30
		INJECTED from src\main\AndroidManifest.xml
		INJECTED from src\main\AndroidManifest.xml
	android:versionName
		INJECTED from src\main\AndroidManifest.xml
		INJECTED from src\main\AndroidManifest.xml
	xmlns:android
		ADDED from src\main\AndroidManifest.xml:2:11-69
	android:versionCode
		INJECTED from src\main\AndroidManifest.xml
		INJECTED from src\main\AndroidManifest.xml
uses-sdk
ADDED from src\main\AndroidManifest.xml:5:5-7:41
MERGED from [com.android.support:multidex:1.0.1] AndroidManifest.xml:18:5-42
MERGED from [DEMO5:Recognizer:unspecified] AndroidManifest.xml:7:5-9:41
MERGED from [DEMO5:contactcard:unspecified] AndroidManifest.xml:7:5-9:41
MERGED from [DEMO5:Sticker:unspecified] AndroidManifest.xml:7:5-9:41
MERGED from [com.facebook.stetho:stetho:1.4.1] AndroidManifest.xml:7:5-9:41
MERGED from [DEMO5:CallKit:unspecified] AndroidManifest.xml:7:5-9:41
MERGED from [DEMO5:IMKit:unspecified] AndroidManifest.xml:7:5-9:41
MERGED from [DEMO5:IMLib:unspecified] AndroidManifest.xml:7:5-9:41
MERGED from [DEMO5:CallLib:unspecified] AndroidManifest.xml:7:5-9:41
MERGED from [DEMO5:RedPacket:unspecified] AndroidManifest.xml:7:5-9:41
MERGED from [com.google.android.gms:play-services:8.4.0] AndroidManifest.xml:18:5-42
MERGED from [com.google.android.gms:play-services-ads:8.4.0] AndroidManifest.xml:23:5-42
MERGED from [com.google.android.gms:play-services-analytics:8.4.0] AndroidManifest.xml:18:5-42
MERGED from [com.google.android.gms:play-services-appindexing:8.4.0] AndroidManifest.xml:18:5-42
MERGED from [com.google.android.gms:play-services-appinvite:8.4.0] AndroidManifest.xml:18:5-42
MERGED from [com.google.android.gms:play-services-appstate:8.4.0] AndroidManifest.xml:18:5-42
MERGED from [com.google.android.gms:play-services-auth:8.4.0] AndroidManifest.xml:18:5-43
MERGED from [com.google.android.gms:play-services-cast:8.4.0] AndroidManifest.xml:18:5-42
MERGED from [com.android.support:mediarouter-v7:23.0.0] AndroidManifest.xml:20:5-43
MERGED from [com.android.support:appcompat-v7:23.0.0] AndroidManifest.xml:20:5-43
MERGED from [com.google.android.gms:play-services-fitness:8.4.0] AndroidManifest.xml:18:5-42
MERGED from [com.google.android.gms:play-services-games:8.4.0] AndroidManifest.xml:18:5-42
MERGED from [com.google.android.gms:play-services-drive:8.4.0] AndroidManifest.xml:18:5-42
MERGED from [com.google.android.gms:play-services-gcm:8.4.0] AndroidManifest.xml:18:5-42
MERGED from [com.google.android.gms:play-services-location:8.4.0] AndroidManifest.xml:18:5-42
MERGED from [com.google.android.gms:play-services-measurement:8.4.0] AndroidManifest.xml:18:5-42
MERGED from [com.google.android.gms:play-services-nearby:8.4.0] AndroidManifest.xml:18:5-42
MERGED from [com.google.android.gms:play-services-panorama:8.4.0] AndroidManifest.xml:18:5-42
MERGED from [com.google.android.gms:play-services-plus:8.4.0] AndroidManifest.xml:18:5-42
MERGED from [com.google.android.gms:play-services-safetynet:8.4.0] AndroidManifest.xml:18:5-42
MERGED from [com.google.android.gms:play-services-vision:8.4.0] AndroidManifest.xml:4:5-42
MERGED from [com.google.android.gms:play-services-wallet:8.4.0] AndroidManifest.xml:19:5-42
MERGED from [com.google.android.gms:play-services-identity:8.4.0] AndroidManifest.xml:18:5-42
MERGED from [com.google.android.gms:play-services-maps:8.4.0] AndroidManifest.xml:26:5-42
MERGED from [com.google.android.gms:play-services-wearable:8.4.0] AndroidManifest.xml:18:5-42
MERGED from [com.google.android.gms:play-services-base:8.4.0] AndroidManifest.xml:18:5-42
MERGED from [com.google.android.gms:play-services-basement:8.4.0] AndroidManifest.xml:18:5-42
MERGED from [com.android.support:support-v4:23.0.1] AndroidManifest.xml:20:5-43
	android:targetSdkVersion
		ADDED from src\main\AndroidManifest.xml:7:9-38
		INJECTED from src\main\AndroidManifest.xml
		INJECTED from src\main\AndroidManifest.xml
	android:minSdkVersion
		ADDED from src\main\AndroidManifest.xml:6:9-35
		INJECTED from src\main\AndroidManifest.xml
		INJECTED from src\main\AndroidManifest.xml
uses-permission#android.permission.WRITE_EXTERNAL_STORAGE
ADDED from src\main\AndroidManifest.xml:9:5-81
MERGED from [DEMO5:IMKit:unspecified] AndroidManifest.xml:12:5-81
MERGED from [DEMO5:IMLib:unspecified] AndroidManifest.xml:11:5-81
	android:name
		ADDED from src\main\AndroidManifest.xml:9:22-78
uses-permission#android.permission.INTERNET
ADDED from src\main\AndroidManifest.xml:10:5-67
MERGED from [DEMO5:IMKit:unspecified] AndroidManifest.xml:13:5-67
MERGED from [DEMO5:IMLib:unspecified] AndroidManifest.xml:12:5-67
MERGED from [com.google.android.gms:play-services-ads:8.4.0] AndroidManifest.xml:20:5-66
MERGED from [com.google.android.gms:play-services-analytics:8.4.0] AndroidManifest.xml:21:5-67
MERGED from [com.google.android.gms:play-services-appinvite:8.4.0] AndroidManifest.xml:19:5-67
MERGED from [com.google.android.gms:play-services-gcm:8.4.0] AndroidManifest.xml:22:5-67
MERGED from [com.google.android.gms:play-services-measurement:8.4.0] AndroidManifest.xml:21:5-67
MERGED from [com.google.android.gms:play-services-maps:8.4.0] AndroidManifest.xml:21:5-66
	android:name
		ADDED from src\main\AndroidManifest.xml:10:22-64
uses-permission#android.permission.ACCESS_COARSE_LOCATION
ADDED from src\main\AndroidManifest.xml:11:5-81
MERGED from [DEMO5:IMKit:unspecified] AndroidManifest.xml:15:5-81
	android:name
		ADDED from src\main\AndroidManifest.xml:11:22-78
uses-permission#android.permission.READ_PHONE_STATE
ADDED from src\main\AndroidManifest.xml:13:5-75
MERGED from [DEMO5:IMKit:unspecified] AndroidManifest.xml:18:5-75
MERGED from [DEMO5:IMLib:unspecified] AndroidManifest.xml:15:5-75
	android:name
		ADDED from src\main\AndroidManifest.xml:13:22-72
uses-permission#android.permission.GET_TASKS
ADDED from src\main\AndroidManifest.xml:15:5-68
MERGED from [DEMO5:IMKit:unspecified] AndroidManifest.xml:22:5-68
MERGED from [DEMO5:IMLib:unspecified] AndroidManifest.xml:17:5-68
	android:name
		ADDED from src\main\AndroidManifest.xml:15:22-65
uses-permission#android.permission.INTERACT_ACROSS_USERS_FULL
ADDED from src\main\AndroidManifest.xml:16:5-85
MERGED from [DEMO5:CallKit:unspecified] AndroidManifest.xml:12:5-85
MERGED from [DEMO5:IMKit:unspecified] AndroidManifest.xml:28:5-85
	android:name
		ADDED from src\main\AndroidManifest.xml:16:22-82
uses-permission#android.permission.ACCESS_WIFI_STATE
ADDED from src\main\AndroidManifest.xml:19:5-76
MERGED from [DEMO5:IMKit:unspecified] AndroidManifest.xml:16:5-76
MERGED from [DEMO5:IMLib:unspecified] AndroidManifest.xml:14:5-76
	android:name
		ADDED from src\main\AndroidManifest.xml:19:22-73
uses-permission#android.permission.ACCESS_NETWORK_STATE
ADDED from src\main\AndroidManifest.xml:21:5-79
MERGED from [DEMO5:IMKit:unspecified] AndroidManifest.xml:14:5-79
MERGED from [DEMO5:IMLib:unspecified] AndroidManifest.xml:13:5-79
MERGED from [com.google.android.gms:play-services-ads:8.4.0] AndroidManifest.xml:21:5-78
MERGED from [com.google.android.gms:play-services-analytics:8.4.0] AndroidManifest.xml:22:5-79
MERGED from [com.google.android.gms:play-services-measurement:8.4.0] AndroidManifest.xml:22:5-79
MERGED from [com.google.android.gms:play-services-nearby:8.4.0] AndroidManifest.xml:19:5-79
MERGED from [com.google.android.gms:play-services-maps:8.4.0] AndroidManifest.xml:20:5-78
	android:name
		ADDED from src\main\AndroidManifest.xml:21:22-76
uses-permission#android.permission.CAMERA
ADDED from src\main\AndroidManifest.xml:22:5-65
MERGED from [DEMO5:IMKit:unspecified] AndroidManifest.xml:26:5-65
	android:name
		ADDED from src\main\AndroidManifest.xml:22:22-62
uses-permission#android.permission.RECORD_AUDIO
ADDED from src\main\AndroidManifest.xml:24:5-71
MERGED from [DEMO5:IMKit:unspecified] AndroidManifest.xml:21:5-71
MERGED from [DEMO5:IMLib:unspecified] AndroidManifest.xml:16:5-71
	android:name
		ADDED from src\main\AndroidManifest.xml:24:22-68
uses-permission#android.permission.VIBRATE
ADDED from src\main\AndroidManifest.xml:26:5-66
MERGED from [DEMO5:IMKit:unspecified] AndroidManifest.xml:25:5-66
MERGED from [DEMO5:IMLib:unspecified] AndroidManifest.xml:20:5-66
	android:name
		ADDED from src\main\AndroidManifest.xml:26:22-63
uses-permission#android.permission.WAKE_LOCK
ADDED from src\main\AndroidManifest.xml:28:5-68
MERGED from [DEMO5:IMKit:unspecified] AndroidManifest.xml:23:5-68
MERGED from [DEMO5:IMLib:unspecified] AndroidManifest.xml:18:5-68
MERGED from [com.google.android.gms:play-services-measurement:8.4.0] AndroidManifest.xml:24:5-67
	android:name
		ADDED from src\main\AndroidManifest.xml:28:22-65
uses-permission#android.permission.WRITE_SETTINGS
ADDED from src\main\AndroidManifest.xml:30:5-73
MERGED from [DEMO5:IMKit:unspecified] AndroidManifest.xml:27:5-73
	android:name
		ADDED from src\main\AndroidManifest.xml:30:22-70
uses-permission#android.permission.MODIFY_AUDIO_SETTINGS
ADDED from src\main\AndroidManifest.xml:31:5-80
MERGED from [DEMO5:IMKit:unspecified] AndroidManifest.xml:24:5-80
MERGED from [DEMO5:IMLib:unspecified] AndroidManifest.xml:19:5-80
	android:name
		ADDED from src\main\AndroidManifest.xml:31:22-77
uses-permission#android.permission.KILL_BACKGROUND_PROCESSES
ADDED from src\main\AndroidManifest.xml:32:5-84
	android:name
		ADDED from src\main\AndroidManifest.xml:32:22-81
uses-permission#android.permission.READ_CONTACTS
ADDED from src\main\AndroidManifest.xml:34:5-72
	android:name
		ADDED from src\main\AndroidManifest.xml:34:22-69
uses-permission#android.permission.ACCESS_FINE_LOCATION
ADDED from src\main\AndroidManifest.xml:35:5-79
MERGED from [DEMO5:IMLib:unspecified] AndroidManifest.xml:21:5-79
	android:name
		ADDED from src\main\AndroidManifest.xml:35:22-76
uses-permission#android.permission.RECEIVE_BOOT_COMPLETED
ADDED from src\main\AndroidManifest.xml:36:5-81
MERGED from [DEMO5:IMLib:unspecified] AndroidManifest.xml:22:5-81
	android:name
		ADDED from src\main\AndroidManifest.xml:36:22-78
permission#cn.rongcloud.im.permission.MIPUSH_RECEIVE
ADDED from src\main\AndroidManifest.xml:39:5-41:47
	android:protectionLevel
		ADDED from src\main\AndroidManifest.xml:41:9-44
	android:name
		ADDED from src\main\AndroidManifest.xml:40:9-65
uses-permission#cn.rongcloud.im.permission.MIPUSH_RECEIVE
ADDED from src\main\AndroidManifest.xml:42:5-81
	android:name
		ADDED from src\main\AndroidManifest.xml:42:22-78
permission#cn.rongcloud.im.permission.C2D_MESSAGE
ADDED from src\main\AndroidManifest.xml:45:5-47:47
	android:protectionLevel
		ADDED from src\main\AndroidManifest.xml:47:9-44
	android:name
		ADDED from src\main\AndroidManifest.xml:46:9-62
uses-permission#cn.rongcloud.im.permission.C2D_MESSAGE
ADDED from src\main\AndroidManifest.xml:48:5-78
	android:name
		ADDED from src\main\AndroidManifest.xml:48:22-75
application
ADDED from src\main\AndroidManifest.xml:51:5-509:19
MERGED from [DEMO5:Recognizer:unspecified] AndroidManifest.xml:11:5-14:19
MERGED from [DEMO5:contactcard:unspecified] AndroidManifest.xml:11:5-21:19
MERGED from [DEMO5:Sticker:unspecified] AndroidManifest.xml:11:5-45:19
MERGED from [com.facebook.stetho:stetho:1.4.1] AndroidManifest.xml:11:5-20
MERGED from [DEMO5:CallKit:unspecified] AndroidManifest.xml:15:5-60:19
MERGED from [DEMO5:IMKit:unspecified] AndroidManifest.xml:33:5-96:19
MERGED from [DEMO5:IMLib:unspecified] AndroidManifest.xml:24:5-95:19
MERGED from [DEMO5:CallLib:unspecified] AndroidManifest.xml:11:5-12:19
MERGED from [DEMO5:RedPacket:unspecified] AndroidManifest.xml:19:5-80:19
MERGED from [com.google.android.gms:play-services:8.4.0] AndroidManifest.xml:19:5-20
MERGED from [com.google.android.gms:play-services-ads:8.4.0] AndroidManifest.xml:24:5-32:19
MERGED from [com.google.android.gms:play-services-analytics:8.4.0] AndroidManifest.xml:24:5-20
MERGED from [com.google.android.gms:play-services-appindexing:8.4.0] AndroidManifest.xml:19:5-20
MERGED from [com.google.android.gms:play-services-appinvite:8.4.0] AndroidManifest.xml:20:5-30:19
MERGED from [com.google.android.gms:play-services-appstate:8.4.0] AndroidManifest.xml:19:5-20
MERGED from [com.google.android.gms:play-services-auth:8.4.0] AndroidManifest.xml:20:5-32:19
MERGED from [com.google.android.gms:play-services-cast:8.4.0] AndroidManifest.xml:19:5-20
MERGED from [com.android.support:mediarouter-v7:23.0.0] AndroidManifest.xml:22:5-20
MERGED from [com.android.support:appcompat-v7:23.0.0] AndroidManifest.xml:22:5-20
MERGED from [com.google.android.gms:play-services-fitness:8.4.0] AndroidManifest.xml:19:5-20
MERGED from [com.google.android.gms:play-services-games:8.4.0] AndroidManifest.xml:19:5-20
MERGED from [com.google.android.gms:play-services-drive:8.4.0] AndroidManifest.xml:19:5-20
MERGED from [com.google.android.gms:play-services-gcm:8.4.0] AndroidManifest.xml:24:5-20
MERGED from [com.google.android.gms:play-services-location:8.4.0] AndroidManifest.xml:19:5-20
MERGED from [com.google.android.gms:play-services-measurement:8.4.0] AndroidManifest.xml:26:5-46:19
MERGED from [com.google.android.gms:play-services-nearby:8.4.0] AndroidManifest.xml:20:5-20
MERGED from [com.google.android.gms:play-services-panorama:8.4.0] AndroidManifest.xml:19:5-20
MERGED from [com.google.android.gms:play-services-plus:8.4.0] AndroidManifest.xml:19:5-20
MERGED from [com.google.android.gms:play-services-safetynet:8.4.0] AndroidManifest.xml:19:5-20
MERGED from [com.google.android.gms:play-services-vision:8.4.0] AndroidManifest.xml:5:5-20
MERGED from [com.google.android.gms:play-services-identity:8.4.0] AndroidManifest.xml:19:5-20
MERGED from [com.google.android.gms:play-services-maps:8.4.0] AndroidManifest.xml:27:5-20
MERGED from [com.google.android.gms:play-services-wearable:8.4.0] AndroidManifest.xml:19:5-20
MERGED from [com.google.android.gms:play-services-basement:8.4.0] AndroidManifest.xml:20:5-24:19
MERGED from [com.android.support:support-v4:23.0.1] AndroidManifest.xml:22:5-20
	android:label
		ADDED from src\main\AndroidManifest.xml:55:9-41
	android:supportsRtl
		ADDED from [DEMO5:Recognizer:unspecified] AndroidManifest.xml:13:9-35
	android:allowBackup
		ADDED from src\main\AndroidManifest.xml:53:9-35
	android:icon
		ADDED from src\main\AndroidManifest.xml:54:9-47
	android:theme
		ADDED from src\main\AndroidManifest.xml:56:9-39
	android:name
		ADDED from src\main\AndroidManifest.xml:52:9-28
activity#cn.rongcloud.im.ui.activity.LoginActivity
ADDED from src\main\AndroidManifest.xml:59:9-62:57
	android:screenOrientation
		ADDED from src\main\AndroidManifest.xml:61:13-49
	android:windowSoftInputMode
		ADDED from src\main\AndroidManifest.xml:62:13-54
	android:name
		ADDED from src\main\AndroidManifest.xml:60:13-54
activity#cn.rongcloud.im.ui.activity.MainActivity
ADDED from src\main\AndroidManifest.xml:65:9-81:20
	android:screenOrientation
		ADDED from src\main\AndroidManifest.xml:68:13-49
	android:launchMode
		ADDED from src\main\AndroidManifest.xml:67:13-44
	android:windowSoftInputMode
		ADDED from src\main\AndroidManifest.xml:70:13-64
	android:configChanges
		ADDED from src\main\AndroidManifest.xml:69:9-70
	android:name
		ADDED from src\main\AndroidManifest.xml:66:13-53
intent-filter#android.intent.action.VIEW+android.intent.category.DEFAULT
ADDED from src\main\AndroidManifest.xml:72:13-80:29
action#android.intent.action.VIEW
ADDED from src\main\AndroidManifest.xml:73:17-69
	android:name
		ADDED from src\main\AndroidManifest.xml:73:25-66
category#android.intent.category.DEFAULT
ADDED from src\main\AndroidManifest.xml:74:17-76
	android:name
		ADDED from src\main\AndroidManifest.xml:74:27-73
data
ADDED from src\main\AndroidManifest.xml:76:17-79:45
	android:host
		ADDED from src\main\AndroidManifest.xml:77:21-51
	android:scheme
		ADDED from src\main\AndroidManifest.xml:79:21-42
	android:pathPrefix
		ADDED from src\main\AndroidManifest.xml:78:21-55
activity#cn.rongcloud.im.ui.activity.GroupListActivity
ADDED from src\main\AndroidManifest.xml:82:9-84:52
	android:screenOrientation
		ADDED from src\main\AndroidManifest.xml:84:13-49
	android:name
		ADDED from src\main\AndroidManifest.xml:83:13-58
activity#cn.rongcloud.im.ui.activity.PrivateChatDetailActivity
ADDED from src\main\AndroidManifest.xml:85:9-87:52
	android:screenOrientation
		ADDED from src\main\AndroidManifest.xml:87:13-49
	android:name
		ADDED from src\main\AndroidManifest.xml:86:13-66
activity#cn.rongcloud.im.ui.activity.RegisterActivity
ADDED from src\main\AndroidManifest.xml:89:9-92:52
	android:screenOrientation
		ADDED from src\main\AndroidManifest.xml:92:13-49
	android:launchMode
		ADDED from src\main\AndroidManifest.xml:91:13-44
	android:name
		ADDED from src\main\AndroidManifest.xml:90:13-57
activity#cn.rongcloud.im.ui.activity.MyAccountActivity
ADDED from src\main\AndroidManifest.xml:97:9-99:52
	android:screenOrientation
		ADDED from src\main\AndroidManifest.xml:99:13-49
	android:name
		ADDED from src\main\AndroidManifest.xml:98:13-58
activity#cn.rongcloud.im.ui.activity.NewMessageRemindActivity
ADDED from src\main\AndroidManifest.xml:102:9-104:52
	android:screenOrientation
		ADDED from src\main\AndroidManifest.xml:104:13-49
	android:name
		ADDED from src\main\AndroidManifest.xml:103:13-65
activity#cn.rongcloud.im.ui.activity.DisturbActivity
ADDED from src\main\AndroidManifest.xml:106:9-108:52
	android:screenOrientation
		ADDED from src\main\AndroidManifest.xml:108:13-49
	android:name
		ADDED from src\main\AndroidManifest.xml:107:13-56
activity#cn.rongcloud.im.ui.activity.MessageDisturbActivity
ADDED from src\main\AndroidManifest.xml:109:9-72
	android:name
		ADDED from src\main\AndroidManifest.xml:109:19-69
activity#cn.rongcloud.im.ui.activity.PrivacyActivity
ADDED from src\main\AndroidManifest.xml:111:9-113:52
	android:screenOrientation
		ADDED from src\main\AndroidManifest.xml:113:13-49
	android:name
		ADDED from src\main\AndroidManifest.xml:112:13-56
activity#cn.rongcloud.im.ui.activity.AboutRongCloudActivity
ADDED from src\main\AndroidManifest.xml:115:9-117:52
	android:screenOrientation
		ADDED from src\main\AndroidManifest.xml:117:13-49
	android:name
		ADDED from src\main\AndroidManifest.xml:116:13-63
activity#cn.rongcloud.im.ui.activity.UpdateLogActivity
ADDED from src\main\AndroidManifest.xml:119:9-121:52
	android:screenOrientation
		ADDED from src\main\AndroidManifest.xml:121:13-49
	android:name
		ADDED from src\main\AndroidManifest.xml:120:13-58
activity#cn.rongcloud.im.ui.activity.FunctionIntroducedActivity
ADDED from src\main\AndroidManifest.xml:123:9-125:52
	android:screenOrientation
		ADDED from src\main\AndroidManifest.xml:125:13-49
	android:name
		ADDED from src\main\AndroidManifest.xml:124:13-67
activity#cn.rongcloud.im.ui.activity.RongWebActivity
ADDED from src\main\AndroidManifest.xml:128:9-130:52
	android:screenOrientation
		ADDED from src\main\AndroidManifest.xml:130:13-49
	android:name
		ADDED from src\main\AndroidManifest.xml:129:13-56
activity#cn.rongcloud.im.ui.activity.BlackListActivity
ADDED from src\main\AndroidManifest.xml:132:9-134:52
	android:screenOrientation
		ADDED from src\main\AndroidManifest.xml:134:13-49
	android:name
		ADDED from src\main\AndroidManifest.xml:133:13-58
activity#cn.rongcloud.im.ui.activity.SearchFriendActivity
ADDED from src\main\AndroidManifest.xml:137:9-139:52
	android:screenOrientation
		ADDED from src\main\AndroidManifest.xml:139:13-49
	android:name
		ADDED from src\main\AndroidManifest.xml:138:13-61
activity#cn.rongcloud.im.ui.activity.NewFriendListActivity
ADDED from src\main\AndroidManifest.xml:141:9-143:52
	android:screenOrientation
		ADDED from src\main\AndroidManifest.xml:143:13-49
	android:name
		ADDED from src\main\AndroidManifest.xml:142:13-62
activity#cn.rongcloud.im.ui.activity.TotalGroupMemberActivity
ADDED from src\main\AndroidManifest.xml:145:9-147:52
	android:screenOrientation
		ADDED from src\main\AndroidManifest.xml:147:13-49
	android:name
		ADDED from src\main\AndroidManifest.xml:146:13-65
activity#cn.rongcloud.im.ui.activity.PublicServiceActivity
ADDED from src\main\AndroidManifest.xml:150:9-153:52
	android:screenOrientation
		ADDED from src\main\AndroidManifest.xml:153:13-49
	android:launchMode
		ADDED from src\main\AndroidManifest.xml:152:13-44
	android:name
		ADDED from src\main\AndroidManifest.xml:151:13-62
activity#cn.rongcloud.im.ui.activity.PublicServiceSearchActivity
ADDED from src\main\AndroidManifest.xml:155:9-157:52
	android:screenOrientation
		ADDED from src\main\AndroidManifest.xml:157:13-49
	android:name
		ADDED from src\main\AndroidManifest.xml:156:13-68
activity#cn.rongcloud.im.ui.activity.SelectFriendsActivity
ADDED from src\main\AndroidManifest.xml:160:9-162:52
	android:screenOrientation
		ADDED from src\main\AndroidManifest.xml:162:13-49
	android:name
		ADDED from src\main\AndroidManifest.xml:161:13-62
activity#cn.rongcloud.im.ui.activity.CreateGroupActivity
ADDED from src\main\AndroidManifest.xml:163:9-165:52
	android:screenOrientation
		ADDED from src\main\AndroidManifest.xml:165:13-49
	android:name
		ADDED from src\main\AndroidManifest.xml:164:13-60
activity#cn.rongcloud.im.ui.activity.GroupDetailActivity
ADDED from src\main\AndroidManifest.xml:166:9-168:52
	android:screenOrientation
		ADDED from src\main\AndroidManifest.xml:168:13-49
	android:name
		ADDED from src\main\AndroidManifest.xml:167:13-60
activity#cn.rongcloud.im.ui.activity.ReadReceiptDetailActivity
ADDED from src\main\AndroidManifest.xml:169:9-171:52
	android:screenOrientation
		ADDED from src\main\AndroidManifest.xml:171:13-49
	android:name
		ADDED from src\main\AndroidManifest.xml:170:13-66
activity#cn.rongcloud.im.ui.activity.DiscussionDetailActivity
ADDED from src\main\AndroidManifest.xml:173:9-175:52
	android:screenOrientation
		ADDED from src\main\AndroidManifest.xml:175:13-49
	android:name
		ADDED from src\main\AndroidManifest.xml:174:13-65
activity#cn.rongcloud.im.ui.activity.ForgetPasswordActivity
ADDED from src\main\AndroidManifest.xml:177:9-179:52
	android:screenOrientation
		ADDED from src\main\AndroidManifest.xml:179:13-49
	android:name
		ADDED from src\main\AndroidManifest.xml:178:13-63
activity#cn.rongcloud.im.ui.activity.GroupNoticeActivity
ADDED from src\main\AndroidManifest.xml:180:9-182:52
	android:screenOrientation
		ADDED from src\main\AndroidManifest.xml:182:13-49
	android:name
		ADDED from src\main\AndroidManifest.xml:181:13-60
activity#cn.rongcloud.im.ui.activity.PublicServiceInfoActivity
ADDED from src\main\AndroidManifest.xml:185:9-205:20
	android:screenOrientation
		ADDED from src\main\AndroidManifest.xml:187:13-49
	android:name
		ADDED from src\main\AndroidManifest.xml:186:13-66
activity#cn.rongcloud.im.ui.activity.DoubleChatRoomActivity
ADDED from src\main\AndroidManifest.xml:208:9-72
	android:name
		ADDED from src\main\AndroidManifest.xml:208:19-69
activity#cn.rongcloud.im.ui.activity.ConversationActivity
ADDED from src\main\AndroidManifest.xml:209:9-225:20
	android:screenOrientation
		ADDED from src\main\AndroidManifest.xml:212:13-49
	android:launchMode
		ADDED from src\main\AndroidManifest.xml:211:13-43
	android:windowSoftInputMode
		ADDED from src\main\AndroidManifest.xml:213:13-67
	android:name
		ADDED from src\main\AndroidManifest.xml:210:13-61
activity#cn.rongcloud.im.ui.activity.SubConversationListActivity
ADDED from src\main\AndroidManifest.xml:227:9-241:20
	android:screenOrientation
		ADDED from src\main\AndroidManifest.xml:230:13-49
	android:launchMode
		ADDED from src\main\AndroidManifest.xml:229:13-44
	android:windowSoftInputMode
		ADDED from src\main\AndroidManifest.xml:231:13-67
	android:name
		ADDED from src\main\AndroidManifest.xml:228:13-68
activity#cn.rongcloud.im.ui.activity.ConversationListActivity
ADDED from src\main\AndroidManifest.xml:244:9-258:20
	android:screenOrientation
		ADDED from src\main\AndroidManifest.xml:247:13-49
	android:launchMode
		ADDED from src\main\AndroidManifest.xml:246:13-44
	android:windowSoftInputMode
		ADDED from src\main\AndroidManifest.xml:248:13-67
	android:name
		ADDED from src\main\AndroidManifest.xml:245:13-65
activity#cn.rongcloud.im.ui.activity.SealSearchActivity
ADDED from src\main\AndroidManifest.xml:259:9-262:67
	android:screenOrientation
		ADDED from src\main\AndroidManifest.xml:261:13-49
	android:windowSoftInputMode
		ADDED from src\main\AndroidManifest.xml:262:13-65
	android:configChanges
		ADDED from src\main\AndroidManifest.xml:260:13-70
	android:name
		ADDED from src\main\AndroidManifest.xml:259:19-65
activity#cn.rongcloud.im.ui.activity.SealSearchMoreFriendsActivity
ADDED from src\main\AndroidManifest.xml:263:9-266:66
	android:screenOrientation
		ADDED from src\main\AndroidManifest.xml:265:13-49
	android:windowSoftInputMode
		ADDED from src\main\AndroidManifest.xml:266:13-64
	android:configChanges
		ADDED from src\main\AndroidManifest.xml:264:13-70
	android:name
		ADDED from src\main\AndroidManifest.xml:263:19-76
activity#cn.rongcloud.im.ui.activity.SealSearchMoreGroupActivity
ADDED from src\main\AndroidManifest.xml:267:9-270:66
	android:screenOrientation
		ADDED from src\main\AndroidManifest.xml:269:13-49
	android:windowSoftInputMode
		ADDED from src\main\AndroidManifest.xml:270:13-64
	android:configChanges
		ADDED from src\main\AndroidManifest.xml:268:13-70
	android:name
		ADDED from src\main\AndroidManifest.xml:267:19-74
activity#cn.rongcloud.im.ui.activity.SealSearchMoreChattingRecordsActivity
ADDED from src\main\AndroidManifest.xml:271:9-274:66
	android:screenOrientation
		ADDED from src\main\AndroidManifest.xml:273:13-49
	android:windowSoftInputMode
		ADDED from src\main\AndroidManifest.xml:274:13-64
	android:configChanges
		ADDED from src\main\AndroidManifest.xml:272:13-70
	android:name
		ADDED from src\main\AndroidManifest.xml:271:19-84
activity#cn.rongcloud.im.ui.activity.SealSearchChattingDetailActivity
ADDED from src\main\AndroidManifest.xml:275:9-278:66
	android:screenOrientation
		ADDED from src\main\AndroidManifest.xml:277:13-49
	android:windowSoftInputMode
		ADDED from src\main\AndroidManifest.xml:278:13-64
	android:configChanges
		ADDED from src\main\AndroidManifest.xml:276:13-70
	android:name
		ADDED from src\main\AndroidManifest.xml:275:19-79
activity#cn.rongcloud.im.ui.activity.UpdateNameActivity
ADDED from src\main\AndroidManifest.xml:279:9-281:52
	android:screenOrientation
		ADDED from src\main\AndroidManifest.xml:281:13-49
	android:name
		ADDED from src\main\AndroidManifest.xml:280:13-59
activity#cn.rongcloud.im.ui.activity.UpdatePasswordActivity
ADDED from src\main\AndroidManifest.xml:282:9-284:52
	android:screenOrientation
		ADDED from src\main\AndroidManifest.xml:284:13-49
	android:name
		ADDED from src\main\AndroidManifest.xml:283:13-63
activity#cn.rongcloud.im.ui.activity.AccountSettingActivity
ADDED from src\main\AndroidManifest.xml:285:9-287:52
	android:screenOrientation
		ADDED from src\main\AndroidManifest.xml:287:13-49
	android:name
		ADDED from src\main\AndroidManifest.xml:286:13-63
service#io.rong.imlib.ipc.RongService
ADDED from src\main\AndroidManifest.xml:289:9-291:38
MERGED from [DEMO5:IMLib:unspecified] AndroidManifest.xml:31:9-34:38
	android:process
		ADDED from src\main\AndroidManifest.xml:291:13-35
	android:exported
		ADDED from [DEMO5:IMLib:unspecified] AndroidManifest.xml:33:13-36
	android:name
		ADDED from src\main\AndroidManifest.xml:290:13-57
service#io.rong.imlib.ReConnectService
ADDED from src\main\AndroidManifest.xml:292:9-66
MERGED from [DEMO5:IMLib:unspecified] AndroidManifest.xml:35:9-37:39
	android:exported
		ADDED from [DEMO5:IMLib:unspecified] AndroidManifest.xml:37:13-36
	android:name
		ADDED from src\main\AndroidManifest.xml:292:18-63
receiver#io.rong.imlib.ConnectChangeReceiver
ADDED from src\main\AndroidManifest.xml:294:9-72
MERGED from [DEMO5:IMLib:unspecified] AndroidManifest.xml:39:9-41:39
	android:exported
		ADDED from [DEMO5:IMLib:unspecified] AndroidManifest.xml:41:13-36
	android:name
		ADDED from src\main\AndroidManifest.xml:294:19-69
receiver#io.rong.imlib.HeartbeatReceiver
ADDED from src\main\AndroidManifest.xml:296:9-298:38
MERGED from [DEMO5:IMLib:unspecified] AndroidManifest.xml:42:9-44:38
	android:process
		ADDED from src\main\AndroidManifest.xml:298:13-35
	android:name
		ADDED from src\main\AndroidManifest.xml:297:13-59
activity#io.rong.imkit.widget.provider.TakingPicturesActivity
ADDED from src\main\AndroidManifest.xml:300:9-303:52
MERGED from [DEMO5:IMKit:unspecified] AndroidManifest.xml:54:9-57:52
	android:screenOrientation
		ADDED from src\main\AndroidManifest.xml:303:13-49
	android:configChanges
		ADDED from src\main\AndroidManifest.xml:302:13-63
	android:name
		ADDED from src\main\AndroidManifest.xml:301:13-80
service#cn.rongcloud.im.server.UpdateService
ADDED from src\main\AndroidManifest.xml:305:9-57
	android:name
		ADDED from src\main\AndroidManifest.xml:305:18-54
activity#cn.rongcloud.im.ui.activity.UserDetailActivity
ADDED from src\main\AndroidManifest.xml:306:9-307:51
	android:screenOrientation
		ADDED from src\main\AndroidManifest.xml:307:13-49
	android:name
		ADDED from src\main\AndroidManifest.xml:306:19-65
activity#cn.rongcloud.im.ui.activity.SharedReceiverActivity
ADDED from src\main\AndroidManifest.xml:308:9-316:20
	android:screenOrientation
		ADDED from src\main\AndroidManifest.xml:310:13-49
	android:name
		ADDED from src\main\AndroidManifest.xml:309:13-63
intent-filter#android.intent.action.SEND+android.intent.category.DEFAULT
ADDED from src\main\AndroidManifest.xml:311:13-315:29
action#android.intent.action.SEND
ADDED from src\main\AndroidManifest.xml:312:17-69
	android:name
		ADDED from src\main\AndroidManifest.xml:312:25-66
activity#cn.rongcloud.im.ui.activity.SplashActivity
ADDED from src\main\AndroidManifest.xml:318:9-327:20
	android:screenOrientation
		ADDED from src\main\AndroidManifest.xml:320:13-49
	android:windowSoftInputMode
		ADDED from src\main\AndroidManifest.xml:322:13-54
	android:theme
		ADDED from src\main\AndroidManifest.xml:321:13-47
	android:name
		ADDED from src\main\AndroidManifest.xml:319:13-55
intent-filter#android.intent.action.MAIN+android.intent.category.LAUNCHER